{"/Users/feiwang/Desktop/icc hw/icc coding/individual project/my-app/src/App.tsx": {"path":"/Users/feiwang/Desktop/icc hw/icc coding/individual project/my-app/src/App.tsx","statementMap":{"0":{"start":{"line":1,"column":0},"end":{"line":1,"column":40}},"1":{"start":{"line":2,"column":0},"end":{"line":2,"column":84}},"2":{"start":{"line":3,"column":0},"end":{"line":3,"column":44}},"3":{"start":{"line":4,"column":0},"end":{"line":4,"column":56}},"4":{"start":{"line":5,"column":0},"end":{"line":5,"column":41}},"5":{"start":{"line":6,"column":0},"end":{"line":6,"column":53}},"6":{"start":{"line":7,"column":0},"end":{"line":7,"column":40}},"7":{"start":{"line":8,"column":0},"end":{"line":8,"column":52}},"8":{"start":{"line":9,"column":0},"end":{"line":9,"column":40}},"9":{"start":{"line":10,"column":0},"end":{"line":10,"column":52}},"10":{"start":{"line":12,"column":0},"end":{"line":12,"column":54}},"11":{"start":{"line":13,"column":0},"end":{"line":13,"column":19}},"12":{"start":{"line":16,"column":22},"end":{"line":51,"column":1}},"13":{"start":{"line":18,"column":30},"end":{"line":18,"column":65}},"14":{"start":{"line":20,"column":24},"end":{"line":22,"column":5}},"15":{"start":{"line":21,"column":6},"end":{"line":21,"column":62}},"16":{"start":{"line":21,"column":24},"end":{"line":21,"column":59}},"17":{"start":{"line":24,"column":4},"end":{"line":50,"column":4}},"18":{"start":{"line":53,"column":0},"end":{"line":53,"column":19}}},"fnMap":{"0":{"name":"(anonymous_1)","decl":{"start":{"line":16,"column":22},"end":{"line":16,"column":25}},"loc":{"start":{"line":16,"column":27},"end":{"line":51,"column":1}}},"1":{"name":"(anonymous_2)","decl":{"start":{"line":20,"column":24},"end":{"line":20,"column":27}},"loc":{"start":{"line":20,"column":29},"end":{"line":22,"column":5}}},"2":{"name":"(anonymous_3)","decl":{"start":{"line":21,"column":15},"end":{"line":21,"column":19}},"loc":{"start":{"line":21,"column":24},"end":{"line":21,"column":59}}}},"branchMap":{"0":{"loc":{"start":{"line":21,"column":24},"end":{"line":21,"column":59}},"type":"cond-expr","locations":[{"start":{"line":21,"column":43},"end":{"line":21,"column":49}},{"start":{"line":21,"column":52},"end":{"line":21,"column":59}}]}},"s":{"0":0,"1":0,"2":0,"3":0,"4":0,"5":0,"6":0,"7":0,"8":0,"9":0,"10":0,"11":0,"12":0,"13":0,"14":0,"15":0,"16":0,"17":0,"18":0},"f":{"0":0,"1":0,"2":0},"b":{"0":[0,0]}}
,"/Users/feiwang/Desktop/icc hw/icc coding/individual project/my-app/src/Context/DataContext.tsx": {"path":"/Users/feiwang/Desktop/icc hw/icc coding/individual project/my-app/src/Context/DataContext.tsx","statementMap":{"0":{"start":{"line":1,"column":0},"end":{"line":1,"column":81}},"1":{"start":{"line":3,"column":0},"end":{"line":3,"column":25}},"2":{"start":{"line":5,"column":20},"end":{"line":5,"column":71}},"3":{"start":{"line":12,"column":57},"end":{"line":70,"column":1}},"4":{"start":{"line":13,"column":30},"end":{"line":13,"column":54}},"5":{"start":{"line":14,"column":30},"end":{"line":14,"column":54}},"6":{"start":{"line":15,"column":30},"end":{"line":15,"column":54}},"7":{"start":{"line":16,"column":36},"end":{"line":16,"column":63}},"8":{"start":{"line":18,"column":38},"end":{"line":18,"column":67}},"9":{"start":{"line":19,"column":38},"end":{"line":19,"column":67}},"10":{"start":{"line":20,"column":38},"end":{"line":20,"column":67}},"11":{"start":{"line":21,"column":44},"end":{"line":21,"column":73}},"12":{"start":{"line":26,"column":4},"end":{"line":52,"column":11}},"13":{"start":{"line":27,"column":26},"end":{"line":49,"column":9}},"14":{"start":{"line":28,"column":12},"end":{"line":48,"column":13}},"15":{"start":{"line":29,"column":64},"end":{"line":34,"column":18}},"16":{"start":{"line":36,"column":16},"end":{"line":36,"column":39}},"17":{"start":{"line":37,"column":16},"end":{"line":37,"column":39}},"18":{"start":{"line":38,"column":16},"end":{"line":38,"column":39}},"19":{"start":{"line":39,"column":16},"end":{"line":39,"column":45}},"20":{"start":{"line":41,"column":16},"end":{"line":41,"column":50}},"21":{"start":{"line":42,"column":16},"end":{"line":42,"column":50}},"22":{"start":{"line":43,"column":16},"end":{"line":43,"column":50}},"23":{"start":{"line":44,"column":16},"end":{"line":44,"column":56}},"24":{"start":{"line":47,"column":16},"end":{"line":47,"column":59}},"25":{"start":{"line":51,"column":8},"end":{"line":51,"column":20}},"26":{"start":{"line":54,"column":40},"end":{"line":63,"column":6}},"27":{"start":{"line":65,"column":4},"end":{"line":69,"column":6}},"28":{"start":{"line":12,"column":13},"end":{"line":12,"column":57}},"29":{"start":{"line":72,"column":23},"end":{"line":78,"column":1}},"30":{"start":{"line":73,"column":20},"end":{"line":73,"column":49}},"31":{"start":{"line":74,"column":4},"end":{"line":76,"column":5}},"32":{"start":{"line":75,"column":8},"end":{"line":75,"column":70}},"33":{"start":{"line":77,"column":4},"end":{"line":77,"column":19}},"34":{"start":{"line":72,"column":13},"end":{"line":72,"column":23}},"35":{"start":{"line":80,"column":0},"end":{"line":80,"column":27}}},"fnMap":{"0":{"name":"(anonymous_10)","decl":{"start":{"line":12,"column":57},"end":{"line":12,"column":58}},"loc":{"start":{"line":12,"column":74},"end":{"line":70,"column":1}}},"1":{"name":"(anonymous_11)","decl":{"start":{"line":26,"column":14},"end":{"line":26,"column":17}},"loc":{"start":{"line":26,"column":19},"end":{"line":52,"column":5}}},"2":{"name":"(anonymous_12)","decl":{"start":{"line":27,"column":26},"end":{"line":27,"column":31}},"loc":{"start":{"line":27,"column":37},"end":{"line":49,"column":9}}},"3":{"name":"(anonymous_13)","decl":{"start":{"line":72,"column":23},"end":{"line":72,"column":26}},"loc":{"start":{"line":72,"column":28},"end":{"line":78,"column":1}}}},"branchMap":{"0":{"loc":{"start":{"line":56,"column":19},"end":{"line":56,"column":33}},"type":"binary-expr","locations":[{"start":{"line":56,"column":19},"end":{"line":56,"column":28}},{"start":{"line":56,"column":32},"end":{"line":56,"column":33}}]},"1":{"loc":{"start":{"line":58,"column":19},"end":{"line":58,"column":33}},"type":"binary-expr","locations":[{"start":{"line":58,"column":19},"end":{"line":58,"column":28}},{"start":{"line":58,"column":32},"end":{"line":58,"column":33}}]},"2":{"loc":{"start":{"line":60,"column":19},"end":{"line":60,"column":33}},"type":"binary-expr","locations":[{"start":{"line":60,"column":19},"end":{"line":60,"column":28}},{"start":{"line":60,"column":32},"end":{"line":60,"column":33}}]},"3":{"loc":{"start":{"line":62,"column":22},"end":{"line":62,"column":39}},"type":"binary-expr","locations":[{"start":{"line":62,"column":22},"end":{"line":62,"column":34}},{"start":{"line":62,"column":38},"end":{"line":62,"column":39}}]},"4":{"loc":{"start":{"line":74,"column":4},"end":{"line":76,"column":5}},"type":"if","locations":[{"start":{"line":74,"column":4},"end":{"line":76,"column":5}}]}},"s":{"0":1,"1":1,"2":1,"3":1,"4":6,"5":6,"6":6,"7":6,"8":6,"9":6,"10":6,"11":6,"12":6,"13":4,"14":4,"15":4,"16":3,"17":3,"18":3,"19":3,"20":3,"21":3,"22":3,"23":3,"24":1,"25":4,"26":6,"27":6,"28":1,"29":1,"30":9,"31":8,"32":2,"33":6,"34":1,"35":1},"f":{"0":6,"1":4,"2":4,"3":9},"b":{"0":[6,5],"1":[6,5],"2":[6,5],"3":[6,5],"4":[2]}}
,"/Users/feiwang/Desktop/icc hw/icc coding/individual project/my-app/src/Context/ThemeContext.tsx": {"path":"/Users/feiwang/Desktop/icc hw/icc coding/individual project/my-app/src/Context/ThemeContext.tsx","statementMap":{"0":{"start":{"line":1,"column":0},"end":{"line":1,"column":38}},"1":{"start":{"line":8,"column":13},"end":{"line":12,"column":3}}},"fnMap":{"0":{"name":"(anonymous_0)","decl":{"start":{"line":10,"column":15},"end":{"line":10,"column":18}},"loc":{"start":{"line":10,"column":20},"end":{"line":10,"column":23}}}},"branchMap":{},"s":{"0":0,"1":0},"f":{"0":0},"b":{}}
,"/Users/feiwang/Desktop/icc hw/icc coding/individual project/my-app/src/component/Dashboard/Dashboard.tsx": {"path":"/Users/feiwang/Desktop/icc hw/icc coding/individual project/my-app/src/component/Dashboard/Dashboard.tsx","statementMap":{"0":{"start":{"line":2,"column":0},"end":{"line":2,"column":52}},"1":{"start":{"line":3,"column":0},"end":{"line":3,"column":25}},"2":{"start":{"line":4,"column":0},"end":{"line":4,"column":null}},"3":{"start":{"line":8,"column":28},"end":{"line":74,"column":1}},"4":{"start":{"line":9,"column":17},"end":{"line":9,"column":26}},"5":{"start":{"line":10,"column":69},"end":{"line":10,"column":73}},"6":{"start":{"line":13,"column":27},"end":{"line":13,"column":70}},"7":{"start":{"line":13,"column":48},"end":{"line":13,"column":62}},"8":{"start":{"line":14,"column":28},"end":{"line":14,"column":54}},"9":{"start":{"line":16,"column":21},"end":{"line":19,"column":6}},"10":{"start":{"line":22,"column":22},"end":{"line":27,"column":6}},"11":{"start":{"line":29,"column":4},"end":{"line":73,"column":6}},"12":{"start":{"line":35,"column":20},"end":{"line":35,"column":37}},"13":{"start":{"line":60,"column":58},"end":{"line":60,"column":77}},"14":{"start":{"line":63,"column":36},"end":{"line":63,"column":64}},"15":{"start":{"line":76,"column":0},"end":{"line":76,"column":25}}},"fnMap":{"0":{"name":"(anonymous_0)","decl":{"start":{"line":8,"column":28},"end":{"line":8,"column":31}},"loc":{"start":{"line":8,"column":33},"end":{"line":74,"column":1}}},"1":{"name":"(anonymous_1)","decl":{"start":{"line":13,"column":40},"end":{"line":13,"column":44}},"loc":{"start":{"line":13,"column":48},"end":{"line":13,"column":62}}},"2":{"name":"(anonymous_2)","decl":{"start":{"line":34,"column":31},"end":{"line":34,"column":32}},"loc":{"start":{"line":35,"column":20},"end":{"line":35,"column":37}}},"3":{"name":"(anonymous_3)","decl":{"start":{"line":60,"column":39},"end":{"line":60,"column":40}},"loc":{"start":{"line":60,"column":58},"end":{"line":60,"column":77}}},"4":{"name":"(anonymous_4)","decl":{"start":{"line":62,"column":46},"end":{"line":62,"column":47}},"loc":{"start":{"line":63,"column":36},"end":{"line":63,"column":64}}}},"branchMap":{},"s":{"0":0,"1":0,"2":0,"3":0,"4":0,"5":0,"6":0,"7":0,"8":0,"9":0,"10":0,"11":0,"12":0,"13":0,"14":0,"15":0},"f":{"0":0,"1":0,"2":0,"3":0,"4":0},"b":{}}
,"/Users/feiwang/Desktop/icc hw/icc coding/individual project/my-app/src/component/Post/DetailPost.tsx": {"path":"/Users/feiwang/Desktop/icc hw/icc coding/individual project/my-app/src/component/Post/DetailPost.tsx","statementMap":{"0":{"start":{"line":2,"column":0},"end":{"line":2,"column":49}},"1":{"start":{"line":4,"column":0},"end":{"line":4,"column":45}},"2":{"start":{"line":6,"column":29},"end":{"line":41,"column":1}},"3":{"start":{"line":7,"column":21},"end":{"line":7,"column":49}},"4":{"start":{"line":8,"column":25},"end":{"line":8,"column":39}},"5":{"start":{"line":9,"column":30},"end":{"line":9,"column":39}},"6":{"start":{"line":11,"column":45},"end":{"line":11,"column":89}},"7":{"start":{"line":11,"column":64},"end":{"line":11,"column":88}},"8":{"start":{"line":13,"column":4},"end":{"line":15,"column":5}},"9":{"start":{"line":14,"column":8},"end":{"line":14,"column":41}},"10":{"start":{"line":17,"column":41},"end":{"line":17,"column":100}},"11":{"start":{"line":17,"column":68},"end":{"line":17,"column":99}},"12":{"start":{"line":19,"column":4},"end":{"line":40,"column":6}},"13":{"start":{"line":28,"column":16},"end":{"line":29,"column":null}},"14":{"start":{"line":43,"column":0},"end":{"line":43,"column":26}}},"fnMap":{"0":{"name":"(anonymous_0)","decl":{"start":{"line":6,"column":29},"end":{"line":6,"column":32}},"loc":{"start":{"line":6,"column":34},"end":{"line":41,"column":1}}},"1":{"name":"(anonymous_1)","decl":{"start":{"line":11,"column":56},"end":{"line":11,"column":60}},"loc":{"start":{"line":11,"column":64},"end":{"line":11,"column":88}}},"2":{"name":"(anonymous_2)","decl":{"start":{"line":17,"column":57},"end":{"line":17,"column":64}},"loc":{"start":{"line":17,"column":68},"end":{"line":17,"column":99}}},"3":{"name":"(anonymous_3)","decl":{"start":{"line":27,"column":32},"end":{"line":27,"column":45}},"loc":{"start":{"line":28,"column":16},"end":{"line":29,"column":null}}}},"branchMap":{"0":{"loc":{"start":{"line":13,"column":4},"end":{"line":15,"column":5}},"type":"if","locations":[{"start":{"line":13,"column":4},"end":{"line":15,"column":5}}]}},"s":{"0":0,"1":0,"2":0,"3":0,"4":0,"5":0,"6":0,"7":0,"8":0,"9":0,"10":0,"11":0,"12":0,"13":0,"14":0},"f":{"0":0,"1":0,"2":0,"3":0},"b":{"0":[0]}}
,"/Users/feiwang/Desktop/icc hw/icc coding/individual project/my-app/src/component/User/User.tsx": {"path":"/Users/feiwang/Desktop/icc hw/icc coding/individual project/my-app/src/component/User/User.tsx","statementMap":{"0":{"start":{"line":1,"column":0},"end":{"line":1,"column":46}},"1":{"start":{"line":2,"column":0},"end":{"line":2,"column":52}},"2":{"start":{"line":3,"column":0},"end":{"line":3,"column":47}},"3":{"start":{"line":5,"column":0},"end":{"line":5,"column":20}},"4":{"start":{"line":9,"column":23},"end":{"line":67,"column":1}},"5":{"start":{"line":10,"column":20},"end":{"line":10,"column":29}},"6":{"start":{"line":11,"column":21},"end":{"line":11,"column":34}},"7":{"start":{"line":12,"column":39},"end":{"line":12,"column":51}},"8":{"start":{"line":13,"column":35},"end":{"line":13,"column":59}},"9":{"start":{"line":16,"column":35},"end":{"line":16,"column":66}},"10":{"start":{"line":19,"column":27},"end":{"line":30,"column":37}},"11":{"start":{"line":20,"column":23},"end":{"line":22,"column":null}},"12":{"start":{"line":21,"column":12},"end":{"line":22,"column":86}},"13":{"start":{"line":25,"column":8},"end":{"line":27,"column":9}},"14":{"start":{"line":26,"column":12},"end":{"line":26,"column":85}},"15":{"start":{"line":26,"column":47},"end":{"line":26,"column":83}},"16":{"start":{"line":29,"column":8},"end":{"line":29,"column":24}},"17":{"start":{"line":32,"column":4},"end":{"line":66,"column":6}},"18":{"start":{"line":39,"column":33},"end":{"line":39,"column":62}},"19":{"start":{"line":42,"column":35},"end":{"line":42,"column":57}},"20":{"start":{"line":47,"column":33},"end":{"line":47,"column":85}},"21":{"start":{"line":47,"column":52},"end":{"line":47,"column":83}},"22":{"start":{"line":55,"column":16},"end":{"line":56,"column":null}},"23":{"start":{"line":58,"column":35},"end":{"line":58,"column":64}},"24":{"start":{"line":69,"column":0},"end":{"line":69,"column":20}}},"fnMap":{"0":{"name":"(anonymous_0)","decl":{"start":{"line":9,"column":23},"end":{"line":9,"column":26}},"loc":{"start":{"line":9,"column":28},"end":{"line":67,"column":1}}},"1":{"name":"(anonymous_1)","decl":{"start":{"line":19,"column":35},"end":{"line":19,"column":37}},"loc":{"start":{"line":19,"column":39},"end":{"line":30,"column":5}}},"2":{"name":"(anonymous_2)","decl":{"start":{"line":20,"column":36},"end":{"line":20,"column":40}},"loc":{"start":{"line":21,"column":12},"end":{"line":22,"column":86}}},"3":{"name":"(anonymous_3)","decl":{"start":{"line":26,"column":37},"end":{"line":26,"column":38}},"loc":{"start":{"line":26,"column":47},"end":{"line":26,"column":83}}},"4":{"name":"(anonymous_4)","decl":{"start":{"line":39,"column":26},"end":{"line":39,"column":27}},"loc":{"start":{"line":39,"column":33},"end":{"line":39,"column":62}}},"5":{"name":"(anonymous_5)","decl":{"start":{"line":42,"column":29},"end":{"line":42,"column":32}},"loc":{"start":{"line":42,"column":35},"end":{"line":42,"column":57}}},"6":{"name":"(anonymous_6)","decl":{"start":{"line":47,"column":29},"end":{"line":47,"column":31}},"loc":{"start":{"line":47,"column":33},"end":{"line":47,"column":85}}},"7":{"name":"(anonymous_7)","decl":{"start":{"line":47,"column":45},"end":{"line":47,"column":47}},"loc":{"start":{"line":47,"column":52},"end":{"line":47,"column":83}}},"8":{"name":"(anonymous_8)","decl":{"start":{"line":54,"column":36},"end":{"line":54,"column":37}},"loc":{"start":{"line":55,"column":16},"end":{"line":56,"column":null}}},"9":{"name":"(anonymous_9)","decl":{"start":{"line":58,"column":29},"end":{"line":58,"column":32}},"loc":{"start":{"line":58,"column":35},"end":{"line":58,"column":64}}}},"branchMap":{"0":{"loc":{"start":{"line":21,"column":12},"end":{"line":22,"column":86}},"type":"binary-expr","locations":[{"start":{"line":21,"column":12},"end":{"line":21,"column":70}},{"start":{"line":22,"column":12},"end":{"line":22,"column":86}}]},"1":{"loc":{"start":{"line":25,"column":8},"end":{"line":27,"column":9}},"type":"if","locations":[{"start":{"line":25,"column":8},"end":{"line":27,"column":9}}]},"2":{"loc":{"start":{"line":43,"column":17},"end":{"line":43,"column":57}},"type":"cond-expr","locations":[{"start":{"line":43,"column":28},"end":{"line":43,"column":36}},{"start":{"line":43,"column":39},"end":{"line":43,"column":57}}]},"3":{"loc":{"start":{"line":47,"column":52},"end":{"line":47,"column":83}},"type":"cond-expr","locations":[{"start":{"line":47,"column":68},"end":{"line":47,"column":74}},{"start":{"line":47,"column":77},"end":{"line":47,"column":83}}]}},"s":{"0":0,"1":0,"2":0,"3":0,"4":0,"5":0,"6":0,"7":0,"8":0,"9":0,"10":0,"11":0,"12":0,"13":0,"14":0,"15":0,"16":0,"17":0,"18":0,"19":0,"20":0,"21":0,"22":0,"23":0,"24":0},"f":{"0":0,"1":0,"2":0,"3":0,"4":0,"5":0,"6":0,"7":0,"8":0,"9":0},"b":{"0":[0,0],"1":[0],"2":[0,0],"3":[0,0]}}
,"/Users/feiwang/Desktop/icc hw/icc coding/individual project/my-app/src/utils/helpers.ts": {"path":"/Users/feiwang/Desktop/icc hw/icc coding/individual project/my-app/src/utils/helpers.ts","statementMap":{"0":{"start":{"line":2,"column":31},"end":{"line":6,"column":1}},"1":{"start":{"line":3,"column":2},"end":{"line":3,"column":33}},"2":{"start":{"line":3,"column":19},"end":{"line":3,"column":33}},"3":{"start":{"line":4,"column":2},"end":{"line":4,"column":34}},"4":{"start":{"line":4,"column":19},"end":{"line":4,"column":34}},"5":{"start":{"line":5,"column":2},"end":{"line":5,"column":24}},"6":{"start":{"line":2,"column":13},"end":{"line":2,"column":31}},"7":{"start":{"line":8,"column":35},"end":{"line":10,"column":1}},"8":{"start":{"line":9,"column":2},"end":{"line":9,"column":64}},"9":{"start":{"line":9,"column":30},"end":{"line":9,"column":62}},"10":{"start":{"line":8,"column":13},"end":{"line":8,"column":35}},"11":{"start":{"line":12,"column":32},"end":{"line":14,"column":1}},"12":{"start":{"line":13,"column":2},"end":{"line":13,"column":67}},"13":{"start":{"line":13,"column":35},"end":{"line":13,"column":65}},"14":{"start":{"line":12,"column":13},"end":{"line":12,"column":32}}},"fnMap":{"0":{"name":"(anonymous_0)","decl":{"start":{"line":2,"column":31},"end":{"line":2,"column":32}},"loc":{"start":{"line":2,"column":57},"end":{"line":6,"column":1}}},"1":{"name":"(anonymous_1)","decl":{"start":{"line":8,"column":35},"end":{"line":8,"column":36}},"loc":{"start":{"line":8,"column":127},"end":{"line":10,"column":1}}},"2":{"name":"(anonymous_2)","decl":{"start":{"line":9,"column":22},"end":{"line":9,"column":26}},"loc":{"start":{"line":9,"column":30},"end":{"line":9,"column":62}}},"3":{"name":"(anonymous_3)","decl":{"start":{"line":12,"column":32},"end":{"line":12,"column":33}},"loc":{"start":{"line":12,"column":90},"end":{"line":14,"column":1}}},"4":{"name":"(anonymous_4)","decl":{"start":{"line":13,"column":25},"end":{"line":13,"column":26}},"loc":{"start":{"line":13,"column":35},"end":{"line":13,"column":65}}}},"branchMap":{"0":{"loc":{"start":{"line":3,"column":2},"end":{"line":3,"column":33}},"type":"if","locations":[{"start":{"line":3,"column":2},"end":{"line":3,"column":33}}]},"1":{"loc":{"start":{"line":4,"column":2},"end":{"line":4,"column":34}},"type":"if","locations":[{"start":{"line":4,"column":2},"end":{"line":4,"column":34}}]}},"s":{"0":0,"1":0,"2":0,"3":0,"4":0,"5":0,"6":0,"7":0,"8":0,"9":0,"10":0,"11":0,"12":0,"13":0,"14":0},"f":{"0":0,"1":0,"2":0,"3":0,"4":0},"b":{"0":[0],"1":[0]}}
}
